2022-03-13 10:52:45.841  INFO 12504 --- [restartedMain] ngBootGlobalExceptionHandelerApplication : Starting SpringBootGlobalExceptionHandelerApplication using Java 17.0.1 on Harshawardhan-PA with PID 12504 (D:\harsh\STS\Important\SpringBoot-GlobalExceptionHandeler\target\classes started by patil_ha in D:\harsh\STS\Important\SpringBoot-GlobalExceptionHandeler)
2022-03-13 10:52:45.841  INFO 12504 --- [restartedMain] ngBootGlobalExceptionHandelerApplication : No active profile set, falling back to 1 default profile: "default"
2022-03-13 10:52:46.021  INFO 12504 --- [restartedMain] .s.d.r.c.RepositoryConfigurationDelegate : Bootstrapping Spring Data JPA repositories in DEFAULT mode.
2022-03-13 10:52:46.040  INFO 12504 --- [restartedMain] .s.d.r.c.RepositoryConfigurationDelegate : Finished Spring Data repository scanning in 18 ms. Found 3 JPA repository interfaces.
2022-03-13 10:52:46.139  INFO 12504 --- [restartedMain] o.s.b.w.embedded.tomcat.TomcatWebServer  : Tomcat initialized with port(s): 8080 (http)
2022-03-13 10:52:46.140  INFO 12504 --- [restartedMain] o.apache.catalina.core.StandardService   : Starting service [Tomcat]
2022-03-13 10:52:46.140  INFO 12504 --- [restartedMain] org.apache.catalina.core.StandardEngine  : Starting Servlet engine: [Apache Tomcat/9.0.58]
2022-03-13 10:52:46.171  INFO 12504 --- [restartedMain] o.a.c.c.C.[Tomcat].[localhost].[/]       : Initializing Spring embedded WebApplicationContext
2022-03-13 10:52:46.171  INFO 12504 --- [restartedMain] w.s.c.ServletWebServerApplicationContext : Root WebApplicationContext: initialization completed in 327 ms
2022-03-13 10:52:46.206  INFO 12504 --- [restartedMain] o.hibernate.jpa.internal.util.LogHelper  : HHH000204: Processing PersistenceUnitInfo [name: default]
2022-03-13 10:52:46.209  INFO 12504 --- [restartedMain] com.zaxxer.hikari.HikariDataSource       : HikariPool-2 - Starting...
2022-03-13 10:52:46.227  INFO 12504 --- [restartedMain] com.zaxxer.hikari.HikariDataSource       : HikariPool-2 - Start completed.
2022-03-13 10:52:46.229  INFO 12504 --- [restartedMain] org.hibernate.dialect.Dialect            : HHH000400: Using dialect: org.hibernate.dialect.MySQL5Dialect
2022-03-13 10:52:46.867  INFO 12504 --- [restartedMain] o.h.e.t.j.p.i.JtaPlatformInitiator       : HHH000490: Using JtaPlatform implementation: [org.hibernate.engine.transaction.jta.platform.internal.NoJtaPlatform]
2022-03-13 10:52:46.868  INFO 12504 --- [restartedMain] j.LocalContainerEntityManagerFactoryBean : Initialized JPA EntityManagerFactory for persistence unit 'default'
2022-03-13 10:52:47.014  WARN 12504 --- [restartedMain] JpaBaseConfiguration$JpaWebConfiguration : spring.jpa.open-in-view is enabled by default. Therefore, database queries may be performed during view rendering. Explicitly configure spring.jpa.open-in-view to disable this warning
2022-03-13 10:52:47.113  INFO 12504 --- [restartedMain] o.s.b.d.a.OptionalLiveReloadServer       : LiveReload server is running on port 35729
2022-03-13 10:52:47.128  INFO 12504 --- [restartedMain] o.s.b.w.embedded.tomcat.TomcatWebServer  : Tomcat started on port(s): 8080 (http) with context path ''
2022-03-13 10:52:47.133  INFO 12504 --- [restartedMain] ngBootGlobalExceptionHandelerApplication : Started SpringBootGlobalExceptionHandelerApplication in 1.326 seconds (JVM running for 626.408)
2022-03-13 10:52:47.134  INFO 12504 --- [restartedMain] .ConditionEvaluationDeltaLoggingListener : Condition evaluation unchanged
2022-03-13 10:53:04.932  INFO 12504 --- [RMI TCP Connection(12)-127.0.0.1] inMXBeanRegistrar$SpringApplicationAdmin : Application shutdown requested.
2022-03-13 10:53:04.969  INFO 12504 --- [RMI TCP Connection(12)-127.0.0.1] j.LocalContainerEntityManagerFactoryBean : Closing JPA EntityManagerFactory for persistence unit 'default'
2022-03-13 10:53:04.970  INFO 12504 --- [RMI TCP Connection(12)-127.0.0.1] com.zaxxer.hikari.HikariDataSource       : HikariPool-2 - Shutdown initiated...
2022-03-13 10:53:04.974  INFO 12504 --- [RMI TCP Connection(12)-127.0.0.1] com.zaxxer.hikari.HikariDataSource       : HikariPool-2 - Shutdown completed.
2022-03-13 10:53:13.102  INFO 28652 --- [restartedMain] ngBootGlobalExceptionHandelerApplication : Starting SpringBootGlobalExceptionHandelerApplication using Java 17.0.1 on Harshawardhan-PA with PID 28652 (D:\harsh\STS\Important\SpringBoot-GlobalExceptionHandeler\target\classes started by patil_ha in D:\harsh\STS\Important\SpringBoot-GlobalExceptionHandeler)
2022-03-13 10:53:13.103  INFO 28652 --- [restartedMain] ngBootGlobalExceptionHandelerApplication : No active profile set, falling back to 1 default profile: "default"
2022-03-13 10:53:13.139  INFO 28652 --- [restartedMain] .e.DevToolsPropertyDefaultsPostProcessor : Devtools property defaults active! Set 'spring.devtools.add-properties' to 'false' to disable
2022-03-13 10:53:13.139  INFO 28652 --- [restartedMain] .e.DevToolsPropertyDefaultsPostProcessor : For additional web related logging consider setting the 'logging.level.web' property to 'DEBUG'
2022-03-13 10:53:13.624  INFO 28652 --- [restartedMain] .s.d.r.c.RepositoryConfigurationDelegate : Bootstrapping Spring Data JPA repositories in DEFAULT mode.
2022-03-13 10:53:13.671  INFO 28652 --- [restartedMain] .s.d.r.c.RepositoryConfigurationDelegate : Finished Spring Data repository scanning in 41 ms. Found 3 JPA repository interfaces.
2022-03-13 10:53:14.115  INFO 28652 --- [restartedMain] o.s.b.w.embedded.tomcat.TomcatWebServer  : Tomcat initialized with port(s): 8080 (http)
2022-03-13 10:53:14.123  INFO 28652 --- [restartedMain] o.apache.catalina.core.StandardService   : Starting service [Tomcat]
2022-03-13 10:53:14.123  INFO 28652 --- [restartedMain] org.apache.catalina.core.StandardEngine  : Starting Servlet engine: [Apache Tomcat/9.0.58]
2022-03-13 10:53:14.206  INFO 28652 --- [restartedMain] o.a.c.c.C.[Tomcat].[localhost].[/]       : Initializing Spring embedded WebApplicationContext
2022-03-13 10:53:14.207  INFO 28652 --- [restartedMain] w.s.c.ServletWebServerApplicationContext : Root WebApplicationContext: initialization completed in 1068 ms
2022-03-13 10:53:14.354  INFO 28652 --- [restartedMain] o.hibernate.jpa.internal.util.LogHelper  : HHH000204: Processing PersistenceUnitInfo [name: default]
2022-03-13 10:53:14.391  INFO 28652 --- [restartedMain] org.hibernate.Version                    : HHH000412: Hibernate ORM core version 5.6.5.Final
2022-03-13 10:53:14.514  INFO 28652 --- [restartedMain] o.hibernate.annotations.common.Version   : HCANN000001: Hibernate Commons Annotations {5.1.2.Final}
2022-03-13 10:53:14.591  INFO 28652 --- [restartedMain] com.zaxxer.hikari.HikariDataSource       : HikariPool-1 - Starting...
2022-03-13 10:53:14.874  INFO 28652 --- [restartedMain] com.zaxxer.hikari.HikariDataSource       : HikariPool-1 - Start completed.
2022-03-13 10:53:14.886  INFO 28652 --- [restartedMain] org.hibernate.dialect.Dialect            : HHH000400: Using dialect: org.hibernate.dialect.MySQL5Dialect
2022-03-13 10:53:16.908  INFO 28652 --- [restartedMain] o.h.e.t.j.p.i.JtaPlatformInitiator       : HHH000490: Using JtaPlatform implementation: [org.hibernate.engine.transaction.jta.platform.internal.NoJtaPlatform]
2022-03-13 10:53:16.915  INFO 28652 --- [restartedMain] j.LocalContainerEntityManagerFactoryBean : Initialized JPA EntityManagerFactory for persistence unit 'default'
2022-03-13 10:53:17.224  WARN 28652 --- [restartedMain] JpaBaseConfiguration$JpaWebConfiguration : spring.jpa.open-in-view is enabled by default. Therefore, database queries may be performed during view rendering. Explicitly configure spring.jpa.open-in-view to disable this warning
2022-03-13 10:53:17.475  INFO 28652 --- [restartedMain] o.s.b.d.a.OptionalLiveReloadServer       : LiveReload server is running on port 35729
2022-03-13 10:53:17.512  INFO 28652 --- [restartedMain] o.s.b.w.embedded.tomcat.TomcatWebServer  : Tomcat started on port(s): 8080 (http) with context path ''
2022-03-13 10:53:17.521  INFO 28652 --- [restartedMain] ngBootGlobalExceptionHandelerApplication : Started SpringBootGlobalExceptionHandelerApplication in 4.714 seconds (JVM running for 5.483)
2022-03-13 10:55:09.061  INFO 28652 --- [http-nio-8080-exec-2] o.a.c.c.C.[Tomcat].[localhost].[/]       : Initializing Spring DispatcherServlet 'dispatcherServlet'
2022-03-13 10:55:09.062  INFO 28652 --- [http-nio-8080-exec-2] o.s.web.servlet.DispatcherServlet        : Initializing Servlet 'dispatcherServlet'
2022-03-13 10:55:09.066  INFO 28652 --- [http-nio-8080-exec-2] o.s.web.servlet.DispatcherServlet        : Completed initialization in 4 ms
2022-03-13 10:55:09.304  WARN 28652 --- [http-nio-8080-exec-2] .m.m.a.ExceptionHandlerExceptionResolver : Resolved [java.util.NoSuchElementException]
2022-03-13 11:00:00.491  INFO 28652 --- [Thread-5] j.LocalContainerEntityManagerFactoryBean : Closing JPA EntityManagerFactory for persistence unit 'default'
2022-03-13 11:00:00.493  INFO 28652 --- [Thread-5] com.zaxxer.hikari.HikariDataSource       : HikariPool-1 - Shutdown initiated...
2022-03-13 11:00:00.501  INFO 28652 --- [Thread-5] com.zaxxer.hikari.HikariDataSource       : HikariPool-1 - Shutdown completed.
2022-03-13 11:00:00.670  INFO 28652 --- [restartedMain] ngBootGlobalExceptionHandelerApplication : Starting SpringBootGlobalExceptionHandelerApplication using Java 17.0.1 on Harshawardhan-PA with PID 28652 (D:\harsh\STS\Important\SpringBoot-GlobalExceptionHandeler\target\classes started by patil_ha in D:\harsh\STS\Important\SpringBoot-GlobalExceptionHandeler)
2022-03-13 11:00:00.672  INFO 28652 --- [restartedMain] ngBootGlobalExceptionHandelerApplication : No active profile set, falling back to 1 default profile: "default"
2022-03-13 11:00:01.046  INFO 28652 --- [restartedMain] .s.d.r.c.RepositoryConfigurationDelegate : Bootstrapping Spring Data JPA repositories in DEFAULT mode.
2022-03-13 11:00:01.068  INFO 28652 --- [restartedMain] .s.d.r.c.RepositoryConfigurationDelegate : Finished Spring Data repository scanning in 21 ms. Found 3 JPA repository interfaces.
2022-03-13 11:00:01.171  INFO 28652 --- [restartedMain] o.s.b.w.embedded.tomcat.TomcatWebServer  : Tomcat initialized with port(s): 8080 (http)
2022-03-13 11:00:01.172  INFO 28652 --- [restartedMain] o.apache.catalina.core.StandardService   : Starting service [Tomcat]
2022-03-13 11:00:01.173  INFO 28652 --- [restartedMain] org.apache.catalina.core.StandardEngine  : Starting Servlet engine: [Apache Tomcat/9.0.58]
2022-03-13 11:00:01.205  INFO 28652 --- [restartedMain] o.a.c.c.C.[Tomcat].[localhost].[/]       : Initializing Spring embedded WebApplicationContext
2022-03-13 11:00:01.206  INFO 28652 --- [restartedMain] w.s.c.ServletWebServerApplicationContext : Root WebApplicationContext: initialization completed in 529 ms
2022-03-13 11:00:01.245  INFO 28652 --- [restartedMain] o.hibernate.jpa.internal.util.LogHelper  : HHH000204: Processing PersistenceUnitInfo [name: default]
2022-03-13 11:00:01.249  INFO 28652 --- [restartedMain] com.zaxxer.hikari.HikariDataSource       : HikariPool-2 - Starting...
2022-03-13 11:00:01.269  INFO 28652 --- [restartedMain] com.zaxxer.hikari.HikariDataSource       : HikariPool-2 - Start completed.
2022-03-13 11:00:01.269  INFO 28652 --- [restartedMain] org.hibernate.dialect.Dialect            : HHH000400: Using dialect: org.hibernate.dialect.MySQL5Dialect
2022-03-13 11:00:02.802  INFO 28652 --- [restartedMain] o.h.e.t.j.p.i.JtaPlatformInitiator       : HHH000490: Using JtaPlatform implementation: [org.hibernate.engine.transaction.jta.platform.internal.NoJtaPlatform]
2022-03-13 11:00:02.802  INFO 28652 --- [restartedMain] j.LocalContainerEntityManagerFactoryBean : Initialized JPA EntityManagerFactory for persistence unit 'default'
2022-03-13 11:00:02.982  WARN 28652 --- [restartedMain] JpaBaseConfiguration$JpaWebConfiguration : spring.jpa.open-in-view is enabled by default. Therefore, database queries may be performed during view rendering. Explicitly configure spring.jpa.open-in-view to disable this warning
2022-03-13 11:00:03.081  INFO 28652 --- [restartedMain] o.s.b.d.a.OptionalLiveReloadServer       : LiveReload server is running on port 35729
2022-03-13 11:00:03.096  INFO 28652 --- [restartedMain] o.s.b.w.embedded.tomcat.TomcatWebServer  : Tomcat started on port(s): 8080 (http) with context path ''
2022-03-13 11:00:03.099  INFO 28652 --- [restartedMain] ngBootGlobalExceptionHandelerApplication : Started SpringBootGlobalExceptionHandelerApplication in 2.486 seconds (JVM running for 411.062)
2022-03-13 11:00:03.101  INFO 28652 --- [restartedMain] .ConditionEvaluationDeltaLoggingListener : Condition evaluation unchanged
2022-03-13 11:00:04.571  INFO 28652 --- [Thread-7] j.LocalContainerEntityManagerFactoryBean : Closing JPA EntityManagerFactory for persistence unit 'default'
2022-03-13 11:00:04.572  INFO 28652 --- [Thread-7] com.zaxxer.hikari.HikariDataSource       : HikariPool-2 - Shutdown initiated...
2022-03-13 11:00:04.576  INFO 28652 --- [Thread-7] com.zaxxer.hikari.HikariDataSource       : HikariPool-2 - Shutdown completed.
2022-03-13 11:00:04.639  INFO 28652 --- [restartedMain] ngBootGlobalExceptionHandelerApplication : Starting SpringBootGlobalExceptionHandelerApplication using Java 17.0.1 on Harshawardhan-PA with PID 28652 (D:\harsh\STS\Important\SpringBoot-GlobalExceptionHandeler\target\classes started by patil_ha in D:\harsh\STS\Important\SpringBoot-GlobalExceptionHandeler)
2022-03-13 11:00:04.640  INFO 28652 --- [restartedMain] ngBootGlobalExceptionHandelerApplication : No active profile set, falling back to 1 default profile: "default"
2022-03-13 11:00:04.760  INFO 28652 --- [restartedMain] .s.d.r.c.RepositoryConfigurationDelegate : Bootstrapping Spring Data JPA repositories in DEFAULT mode.
2022-03-13 11:00:04.781  INFO 28652 --- [restartedMain] .s.d.r.c.RepositoryConfigurationDelegate : Finished Spring Data repository scanning in 20 ms. Found 3 JPA repository interfaces.
2022-03-13 11:00:04.844  INFO 28652 --- [restartedMain] o.s.b.w.embedded.tomcat.TomcatWebServer  : Tomcat initialized with port(s): 8080 (http)
2022-03-13 11:00:04.844  INFO 28652 --- [restartedMain] o.apache.catalina.core.StandardService   : Starting service [Tomcat]
2022-03-13 11:00:04.844  INFO 28652 --- [restartedMain] org.apache.catalina.core.StandardEngine  : Starting Servlet engine: [Apache Tomcat/9.0.58]
2022-03-13 11:00:04.866  INFO 28652 --- [restartedMain] o.a.c.c.C.[Tomcat].[localhost].[/]       : Initializing Spring embedded WebApplicationContext
2022-03-13 11:00:04.866  INFO 28652 --- [restartedMain] w.s.c.ServletWebServerApplicationContext : Root WebApplicationContext: initialization completed in 224 ms
2022-03-13 11:00:04.892  INFO 28652 --- [restartedMain] o.hibernate.jpa.internal.util.LogHelper  : HHH000204: Processing PersistenceUnitInfo [name: default]
2022-03-13 11:00:04.895  INFO 28652 --- [restartedMain] com.zaxxer.hikari.HikariDataSource       : HikariPool-3 - Starting...
2022-03-13 11:00:04.911  INFO 28652 --- [restartedMain] com.zaxxer.hikari.HikariDataSource       : HikariPool-3 - Start completed.
2022-03-13 11:00:04.912  INFO 28652 --- [restartedMain] org.hibernate.dialect.Dialect            : HHH000400: Using dialect: org.hibernate.dialect.MySQL5Dialect
2022-03-13 11:00:05.876  INFO 28652 --- [restartedMain] o.h.e.t.j.p.i.JtaPlatformInitiator       : HHH000490: Using JtaPlatform implementation: [org.hibernate.engine.transaction.jta.platform.internal.NoJtaPlatform]
2022-03-13 11:00:05.876  INFO 28652 --- [restartedMain] j.LocalContainerEntityManagerFactoryBean : Initialized JPA EntityManagerFactory for persistence unit 'default'
2022-03-13 11:00:06.060  WARN 28652 --- [restartedMain] JpaBaseConfiguration$JpaWebConfiguration : spring.jpa.open-in-view is enabled by default. Therefore, database queries may be performed during view rendering. Explicitly configure spring.jpa.open-in-view to disable this warning
2022-03-13 11:00:06.177  INFO 28652 --- [restartedMain] o.s.b.d.a.OptionalLiveReloadServer       : LiveReload server is running on port 35729
2022-03-13 11:00:06.188  INFO 28652 --- [restartedMain] o.s.b.w.embedded.tomcat.TomcatWebServer  : Tomcat started on port(s): 8080 (http) with context path ''
2022-03-13 11:00:06.192  INFO 28652 --- [restartedMain] ngBootGlobalExceptionHandelerApplication : Started SpringBootGlobalExceptionHandelerApplication in 1.577 seconds (JVM running for 414.154)
2022-03-13 11:00:06.195  INFO 28652 --- [restartedMain] .ConditionEvaluationDeltaLoggingListener : Condition evaluation unchanged
2022-03-13 11:00:10.802  INFO 28652 --- [Thread-11] j.LocalContainerEntityManagerFactoryBean : Closing JPA EntityManagerFactory for persistence unit 'default'
2022-03-13 11:00:10.803  INFO 28652 --- [Thread-11] com.zaxxer.hikari.HikariDataSource       : HikariPool-3 - Shutdown initiated...
2022-03-13 11:00:10.807  INFO 28652 --- [Thread-11] com.zaxxer.hikari.HikariDataSource       : HikariPool-3 - Shutdown completed.
2022-03-13 11:00:10.864  INFO 28652 --- [restartedMain] ngBootGlobalExceptionHandelerApplication : Starting SpringBootGlobalExceptionHandelerApplication using Java 17.0.1 on Harshawardhan-PA with PID 28652 (D:\harsh\STS\Important\SpringBoot-GlobalExceptionHandeler\target\classes started by patil_ha in D:\harsh\STS\Important\SpringBoot-GlobalExceptionHandeler)
2022-03-13 11:00:10.865  INFO 28652 --- [restartedMain] ngBootGlobalExceptionHandelerApplication : No active profile set, falling back to 1 default profile: "default"
2022-03-13 11:00:10.997  INFO 28652 --- [restartedMain] .s.d.r.c.RepositoryConfigurationDelegate : Bootstrapping Spring Data JPA repositories in DEFAULT mode.
2022-03-13 11:00:11.011  INFO 28652 --- [restartedMain] .s.d.r.c.RepositoryConfigurationDelegate : Finished Spring Data repository scanning in 13 ms. Found 3 JPA repository interfaces.
2022-03-13 11:00:11.073  INFO 28652 --- [restartedMain] o.s.b.w.embedded.tomcat.TomcatWebServer  : Tomcat initialized with port(s): 8080 (http)
2022-03-13 11:00:11.073  INFO 28652 --- [restartedMain] o.apache.catalina.core.StandardService   : Starting service [Tomcat]
2022-03-13 11:00:11.073  INFO 28652 --- [restartedMain] org.apache.catalina.core.StandardEngine  : Starting Servlet engine: [Apache Tomcat/9.0.58]
2022-03-13 11:00:11.095  INFO 28652 --- [restartedMain] o.a.c.c.C.[Tomcat].[localhost].[/]       : Initializing Spring embedded WebApplicationContext
2022-03-13 11:00:11.095  INFO 28652 --- [restartedMain] w.s.c.ServletWebServerApplicationContext : Root WebApplicationContext: initialization completed in 229 ms
2022-03-13 11:00:11.120  INFO 28652 --- [restartedMain] o.hibernate.jpa.internal.util.LogHelper  : HHH000204: Processing PersistenceUnitInfo [name: default]
2022-03-13 11:00:11.124  INFO 28652 --- [restartedMain] com.zaxxer.hikari.HikariDataSource       : HikariPool-4 - Starting...
2022-03-13 11:00:11.139  INFO 28652 --- [restartedMain] com.zaxxer.hikari.HikariDataSource       : HikariPool-4 - Start completed.
2022-03-13 11:00:11.139  INFO 28652 --- [restartedMain] org.hibernate.dialect.Dialect            : HHH000400: Using dialect: org.hibernate.dialect.MySQL5Dialect
2022-03-13 11:00:12.033  INFO 28652 --- [restartedMain] o.h.e.t.j.p.i.JtaPlatformInitiator       : HHH000490: Using JtaPlatform implementation: [org.hibernate.engine.transaction.jta.platform.internal.NoJtaPlatform]
2022-03-13 11:00:12.034  INFO 28652 --- [restartedMain] j.LocalContainerEntityManagerFactoryBean : Initialized JPA EntityManagerFactory for persistence unit 'default'
2022-03-13 11:00:12.154  WARN 28652 --- [restartedMain] JpaBaseConfiguration$JpaWebConfiguration : spring.jpa.open-in-view is enabled by default. Therefore, database queries may be performed during view rendering. Explicitly configure spring.jpa.open-in-view to disable this warning
2022-03-13 11:00:12.213  INFO 28652 --- [restartedMain] o.s.b.d.a.OptionalLiveReloadServer       : LiveReload server is running on port 35729
2022-03-13 11:00:12.222  INFO 28652 --- [restartedMain] o.s.b.w.embedded.tomcat.TomcatWebServer  : Tomcat started on port(s): 8080 (http) with context path ''
2022-03-13 11:00:12.225  INFO 28652 --- [restartedMain] ngBootGlobalExceptionHandelerApplication : Started SpringBootGlobalExceptionHandelerApplication in 1.384 seconds (JVM running for 420.188)
2022-03-13 11:00:12.227  INFO 28652 --- [restartedMain] .ConditionEvaluationDeltaLoggingListener : Condition evaluation unchanged
2022-03-13 11:01:41.774  INFO 28652 --- [Thread-15] j.LocalContainerEntityManagerFactoryBean : Closing JPA EntityManagerFactory for persistence unit 'default'
2022-03-13 11:01:41.775  INFO 28652 --- [Thread-15] com.zaxxer.hikari.HikariDataSource       : HikariPool-4 - Shutdown initiated...
2022-03-13 11:01:41.780  INFO 28652 --- [Thread-15] com.zaxxer.hikari.HikariDataSource       : HikariPool-4 - Shutdown completed.
2022-03-13 11:01:41.843  INFO 28652 --- [restartedMain] ngBootGlobalExceptionHandelerApplication : Starting SpringBootGlobalExceptionHandelerApplication using Java 17.0.1 on Harshawardhan-PA with PID 28652 (D:\harsh\STS\Important\SpringBoot-GlobalExceptionHandeler\target\classes started by patil_ha in D:\harsh\STS\Important\SpringBoot-GlobalExceptionHandeler)
2022-03-13 11:01:41.843  INFO 28652 --- [restartedMain] ngBootGlobalExceptionHandelerApplication : No active profile set, falling back to 1 default profile: "default"
2022-03-13 11:01:41.958  INFO 28652 --- [restartedMain] .s.d.r.c.RepositoryConfigurationDelegate : Bootstrapping Spring Data JPA repositories in DEFAULT mode.
2022-03-13 11:01:41.974  INFO 28652 --- [restartedMain] .s.d.r.c.RepositoryConfigurationDelegate : Finished Spring Data repository scanning in 15 ms. Found 3 JPA repository interfaces.
2022-03-13 11:01:42.033  INFO 28652 --- [restartedMain] o.s.b.w.embedded.tomcat.TomcatWebServer  : Tomcat initialized with port(s): 8080 (http)
2022-03-13 11:01:42.034  INFO 28652 --- [restartedMain] o.apache.catalina.core.StandardService   : Starting service [Tomcat]
2022-03-13 11:01:42.034  INFO 28652 --- [restartedMain] org.apache.catalina.core.StandardEngine  : Starting Servlet engine: [Apache Tomcat/9.0.58]
2022-03-13 11:01:42.055  INFO 28652 --- [restartedMain] o.a.c.c.C.[Tomcat].[localhost].[/]       : Initializing Spring embedded WebApplicationContext
2022-03-13 11:01:42.055  INFO 28652 --- [restartedMain] w.s.c.ServletWebServerApplicationContext : Root WebApplicationContext: initialization completed in 210 ms
2022-03-13 11:01:42.078  INFO 28652 --- [restartedMain] o.hibernate.jpa.internal.util.LogHelper  : HHH000204: Processing PersistenceUnitInfo [name: default]
2022-03-13 11:01:42.081  INFO 28652 --- [restartedMain] com.zaxxer.hikari.HikariDataSource       : HikariPool-5 - Starting...
2022-03-13 11:01:42.100  INFO 28652 --- [restartedMain] com.zaxxer.hikari.HikariDataSource       : HikariPool-5 - Start completed.
2022-03-13 11:01:42.100  INFO 28652 --- [restartedMain] org.hibernate.dialect.Dialect            : HHH000400: Using dialect: org.hibernate.dialect.MySQL5Dialect
2022-03-13 11:01:43.738  INFO 28652 --- [restartedMain] o.h.e.t.j.p.i.JtaPlatformInitiator       : HHH000490: Using JtaPlatform implementation: [org.hibernate.engine.transaction.jta.platform.internal.NoJtaPlatform]
2022-03-13 11:01:43.739  INFO 28652 --- [restartedMain] j.LocalContainerEntityManagerFactoryBean : Initialized JPA EntityManagerFactory for persistence unit 'default'
2022-03-13 11:01:43.848  WARN 28652 --- [restartedMain] JpaBaseConfiguration$JpaWebConfiguration : spring.jpa.open-in-view is enabled by default. Therefore, database queries may be performed during view rendering. Explicitly configure spring.jpa.open-in-view to disable this warning
2022-03-13 11:01:43.909  INFO 28652 --- [restartedMain] o.s.b.d.a.OptionalLiveReloadServer       : LiveReload server is running on port 35729
2022-03-13 11:01:43.920  INFO 28652 --- [restartedMain] o.s.b.w.embedded.tomcat.TomcatWebServer  : Tomcat started on port(s): 8080 (http) with context path ''
2022-03-13 11:01:43.922  INFO 28652 --- [restartedMain] ngBootGlobalExceptionHandelerApplication : Started SpringBootGlobalExceptionHandelerApplication in 2.101 seconds (JVM running for 511.885)
2022-03-13 11:01:43.923  INFO 28652 --- [restartedMain] .ConditionEvaluationDeltaLoggingListener : Condition evaluation unchanged
2022-03-13 11:02:19.430  INFO 28652 --- [Thread-19] j.LocalContainerEntityManagerFactoryBean : Closing JPA EntityManagerFactory for persistence unit 'default'
2022-03-13 11:02:19.431  INFO 28652 --- [Thread-19] com.zaxxer.hikari.HikariDataSource       : HikariPool-5 - Shutdown initiated...
2022-03-13 11:02:19.435  INFO 28652 --- [Thread-19] com.zaxxer.hikari.HikariDataSource       : HikariPool-5 - Shutdown completed.
2022-03-13 11:02:19.497  INFO 28652 --- [restartedMain] ngBootGlobalExceptionHandelerApplication : Starting SpringBootGlobalExceptionHandelerApplication using Java 17.0.1 on Harshawardhan-PA with PID 28652 (D:\harsh\STS\Important\SpringBoot-GlobalExceptionHandeler\target\classes started by patil_ha in D:\harsh\STS\Important\SpringBoot-GlobalExceptionHandeler)
2022-03-13 11:02:19.497  INFO 28652 --- [restartedMain] ngBootGlobalExceptionHandelerApplication : No active profile set, falling back to 1 default profile: "default"
2022-03-13 11:02:19.617  INFO 28652 --- [restartedMain] .s.d.r.c.RepositoryConfigurationDelegate : Bootstrapping Spring Data JPA repositories in DEFAULT mode.
2022-03-13 11:02:19.631  INFO 28652 --- [restartedMain] .s.d.r.c.RepositoryConfigurationDelegate : Finished Spring Data repository scanning in 13 ms. Found 3 JPA repository interfaces.
2022-03-13 11:02:19.691  INFO 28652 --- [restartedMain] o.s.b.w.embedded.tomcat.TomcatWebServer  : Tomcat initialized with port(s): 8080 (http)
2022-03-13 11:02:19.691  INFO 28652 --- [restartedMain] o.apache.catalina.core.StandardService   : Starting service [Tomcat]
2022-03-13 11:02:19.692  INFO 28652 --- [restartedMain] org.apache.catalina.core.StandardEngine  : Starting Servlet engine: [Apache Tomcat/9.0.58]
2022-03-13 11:02:19.713  INFO 28652 --- [restartedMain] o.a.c.c.C.[Tomcat].[localhost].[/]       : Initializing Spring embedded WebApplicationContext
2022-03-13 11:02:19.713  INFO 28652 --- [restartedMain] w.s.c.ServletWebServerApplicationContext : Root WebApplicationContext: initialization completed in 214 ms
2022-03-13 11:02:19.738  INFO 28652 --- [restartedMain] o.hibernate.jpa.internal.util.LogHelper  : HHH000204: Processing PersistenceUnitInfo [name: default]
2022-03-13 11:02:19.741  INFO 28652 --- [restartedMain] com.zaxxer.hikari.HikariDataSource       : HikariPool-6 - Starting...
2022-03-13 11:02:19.757  INFO 28652 --- [restartedMain] com.zaxxer.hikari.HikariDataSource       : HikariPool-6 - Start completed.
2022-03-13 11:02:19.757  INFO 28652 --- [restartedMain] org.hibernate.dialect.Dialect            : HHH000400: Using dialect: org.hibernate.dialect.MySQL5Dialect
2022-03-13 11:02:20.420  INFO 28652 --- [restartedMain] o.h.e.t.j.p.i.JtaPlatformInitiator       : HHH000490: Using JtaPlatform implementation: [org.hibernate.engine.transaction.jta.platform.internal.NoJtaPlatform]
2022-03-13 11:02:20.421  INFO 28652 --- [restartedMain] j.LocalContainerEntityManagerFactoryBean : Initialized JPA EntityManagerFactory for persistence unit 'default'
2022-03-13 11:02:20.504  WARN 28652 --- [restartedMain] JpaBaseConfiguration$JpaWebConfiguration : spring.jpa.open-in-view is enabled by default. Therefore, database queries may be performed during view rendering. Explicitly configure spring.jpa.open-in-view to disable this warning
2022-03-13 11:02:20.561  INFO 28652 --- [restartedMain] o.s.b.d.a.OptionalLiveReloadServer       : LiveReload server is running on port 35729
2022-03-13 11:02:20.572  INFO 28652 --- [restartedMain] o.s.b.w.embedded.tomcat.TomcatWebServer  : Tomcat started on port(s): 8080 (http) with context path ''
2022-03-13 11:02:20.575  INFO 28652 --- [restartedMain] ngBootGlobalExceptionHandelerApplication : Started SpringBootGlobalExceptionHandelerApplication in 1.102 seconds (JVM running for 548.537)
2022-03-13 11:02:20.576  INFO 28652 --- [restartedMain] .ConditionEvaluationDeltaLoggingListener : Condition evaluation unchanged
2022-03-13 11:03:05.901  INFO 28652 --- [Thread-23] j.LocalContainerEntityManagerFactoryBean : Closing JPA EntityManagerFactory for persistence unit 'default'
2022-03-13 11:03:05.901  INFO 28652 --- [Thread-23] com.zaxxer.hikari.HikariDataSource       : HikariPool-6 - Shutdown initiated...
2022-03-13 11:03:05.905  INFO 28652 --- [Thread-23] com.zaxxer.hikari.HikariDataSource       : HikariPool-6 - Shutdown completed.
2022-03-13 11:03:05.969  INFO 28652 --- [restartedMain] ngBootGlobalExceptionHandelerApplication : Starting SpringBootGlobalExceptionHandelerApplication using Java 17.0.1 on Harshawardhan-PA with PID 28652 (D:\harsh\STS\Important\SpringBoot-GlobalExceptionHandeler\target\classes started by patil_ha in D:\harsh\STS\Important\SpringBoot-GlobalExceptionHandeler)
2022-03-13 11:03:05.970  INFO 28652 --- [restartedMain] ngBootGlobalExceptionHandelerApplication : No active profile set, falling back to 1 default profile: "default"
2022-03-13 11:03:06.100  INFO 28652 --- [restartedMain] .s.d.r.c.RepositoryConfigurationDelegate : Bootstrapping Spring Data JPA repositories in DEFAULT mode.
2022-03-13 11:03:06.113  INFO 28652 --- [restartedMain] .s.d.r.c.RepositoryConfigurationDelegate : Finished Spring Data repository scanning in 12 ms. Found 3 JPA repository interfaces.
2022-03-13 11:03:06.173  INFO 28652 --- [restartedMain] o.s.b.w.embedded.tomcat.TomcatWebServer  : Tomcat initialized with port(s): 8080 (http)
2022-03-13 11:03:06.174  INFO 28652 --- [restartedMain] o.apache.catalina.core.StandardService   : Starting service [Tomcat]
2022-03-13 11:03:06.174  INFO 28652 --- [restartedMain] org.apache.catalina.core.StandardEngine  : Starting Servlet engine: [Apache Tomcat/9.0.58]
2022-03-13 11:03:06.194  INFO 28652 --- [restartedMain] o.a.c.c.C.[Tomcat].[localhost].[/]       : Initializing Spring embedded WebApplicationContext
2022-03-13 11:03:06.195  INFO 28652 --- [restartedMain] w.s.c.ServletWebServerApplicationContext : Root WebApplicationContext: initialization completed in 223 ms
2022-03-13 11:03:06.224  INFO 28652 --- [restartedMain] o.hibernate.jpa.internal.util.LogHelper  : HHH000204: Processing PersistenceUnitInfo [name: default]
2022-03-13 11:03:06.227  INFO 28652 --- [restartedMain] com.zaxxer.hikari.HikariDataSource       : HikariPool-7 - Starting...
2022-03-13 11:03:06.243  INFO 28652 --- [restartedMain] com.zaxxer.hikari.HikariDataSource       : HikariPool-7 - Start completed.
2022-03-13 11:03:06.244  INFO 28652 --- [restartedMain] org.hibernate.dialect.Dialect            : HHH000400: Using dialect: org.hibernate.dialect.MySQL5Dialect
2022-03-13 11:03:06.792  INFO 28652 --- [restartedMain] o.h.e.t.j.p.i.JtaPlatformInitiator       : HHH000490: Using JtaPlatform implementation: [org.hibernate.engine.transaction.jta.platform.internal.NoJtaPlatform]
2022-03-13 11:03:06.793  INFO 28652 --- [restartedMain] j.LocalContainerEntityManagerFactoryBean : Initialized JPA EntityManagerFactory for persistence unit 'default'
2022-03-13 11:03:06.900  WARN 28652 --- [restartedMain] JpaBaseConfiguration$JpaWebConfiguration : spring.jpa.open-in-view is enabled by default. Therefore, database queries may be performed during view rendering. Explicitly configure spring.jpa.open-in-view to disable this warning
2022-03-13 11:03:06.957  INFO 28652 --- [restartedMain] o.s.b.d.a.OptionalLiveReloadServer       : LiveReload server is running on port 35729
2022-03-13 11:03:06.968  INFO 28652 --- [restartedMain] o.s.b.w.embedded.tomcat.TomcatWebServer  : Tomcat started on port(s): 8080 (http) with context path ''
2022-03-13 11:03:06.971  INFO 28652 --- [restartedMain] ngBootGlobalExceptionHandelerApplication : Started SpringBootGlobalExceptionHandelerApplication in 1.024 seconds (JVM running for 594.933)
2022-03-13 11:03:06.971  INFO 28652 --- [restartedMain] .ConditionEvaluationDeltaLoggingListener : Condition evaluation unchanged
2022-03-13 11:04:39.890  INFO 28652 --- [http-nio-8080-exec-2] o.a.c.c.C.[Tomcat].[localhost].[/]       : Initializing Spring DispatcherServlet 'dispatcherServlet'
2022-03-13 11:04:39.891  INFO 28652 --- [http-nio-8080-exec-2] o.s.web.servlet.DispatcherServlet        : Initializing Servlet 'dispatcherServlet'
2022-03-13 11:04:39.893  INFO 28652 --- [http-nio-8080-exec-2] o.s.web.servlet.DispatcherServlet        : Completed initialization in 2 ms
2022-03-13 11:04:40.264  INFO 28652 --- [http-nio-8080-exec-2] com.crud.ecart.service.BrandServiceImpl  : fetchAllBrand() called
2022-03-13 11:04:40.265  INFO 28652 --- [http-nio-8080-exec-2] c.crud.ecart.controller.BrandController  : fetchAllBrands() called
2022-03-13 11:51:44.386  WARN 28652 --- [HikariPool-7 housekeeper] com.zaxxer.hikari.pool.HikariPool        : HikariPool-7 - Thread starvation or clock leap detected (housekeeper delta=46m38s14ms97µs400ns).
2022-03-13 11:52:05.761  INFO 28652 --- [Thread-27] j.LocalContainerEntityManagerFactoryBean : Closing JPA EntityManagerFactory for persistence unit 'default'
2022-03-13 11:52:05.762  INFO 28652 --- [Thread-27] com.zaxxer.hikari.HikariDataSource       : HikariPool-7 - Shutdown initiated...
2022-03-13 11:52:05.766  INFO 28652 --- [Thread-27] com.zaxxer.hikari.HikariDataSource       : HikariPool-7 - Shutdown completed.
2022-03-13 11:52:05.830  INFO 28652 --- [restartedMain] ngBootGlobalExceptionHandelerApplication : Starting SpringBootGlobalExceptionHandelerApplication using Java 17.0.1 on Harshawardhan-PA with PID 28652 (D:\harsh\STS\Important\SpringBoot-GlobalExceptionHandeler\target\classes started by patil_ha in D:\harsh\STS\Important\SpringBoot-GlobalExceptionHandeler)
2022-03-13 11:52:05.830  INFO 28652 --- [restartedMain] ngBootGlobalExceptionHandelerApplication : No active profile set, falling back to 1 default profile: "default"
2022-03-13 11:52:05.959  INFO 28652 --- [restartedMain] .s.d.r.c.RepositoryConfigurationDelegate : Bootstrapping Spring Data JPA repositories in DEFAULT mode.
2022-03-13 11:52:05.974  INFO 28652 --- [restartedMain] .s.d.r.c.RepositoryConfigurationDelegate : Finished Spring Data repository scanning in 14 ms. Found 3 JPA repository interfaces.
2022-03-13 11:52:06.059  INFO 28652 --- [restartedMain] o.s.b.w.embedded.tomcat.TomcatWebServer  : Tomcat initialized with port(s): 8080 (http)
2022-03-13 11:52:06.060  INFO 28652 --- [restartedMain] o.apache.catalina.core.StandardService   : Starting service [Tomcat]
2022-03-13 11:52:06.060  INFO 28652 --- [restartedMain] org.apache.catalina.core.StandardEngine  : Starting Servlet engine: [Apache Tomcat/9.0.58]
2022-03-13 11:52:06.087  INFO 28652 --- [restartedMain] o.a.c.c.C.[Tomcat].[localhost].[/]       : Initializing Spring embedded WebApplicationContext
2022-03-13 11:52:06.088  INFO 28652 --- [restartedMain] w.s.c.ServletWebServerApplicationContext : Root WebApplicationContext: initialization completed in 256 ms
2022-03-13 11:52:06.115  INFO 28652 --- [restartedMain] o.hibernate.jpa.internal.util.LogHelper  : HHH000204: Processing PersistenceUnitInfo [name: default]
2022-03-13 11:52:06.119  INFO 28652 --- [restartedMain] com.zaxxer.hikari.HikariDataSource       : HikariPool-8 - Starting...
2022-03-13 11:52:06.135  INFO 28652 --- [restartedMain] com.zaxxer.hikari.HikariDataSource       : HikariPool-8 - Start completed.
2022-03-13 11:52:06.135  INFO 28652 --- [restartedMain] org.hibernate.dialect.Dialect            : HHH000400: Using dialect: org.hibernate.dialect.MySQL5Dialect
2022-03-13 11:52:06.661  INFO 28652 --- [restartedMain] o.h.e.t.j.p.i.JtaPlatformInitiator       : HHH000490: Using JtaPlatform implementation: [org.hibernate.engine.transaction.jta.platform.internal.NoJtaPlatform]
2022-03-13 11:52:06.661  INFO 28652 --- [restartedMain] j.LocalContainerEntityManagerFactoryBean : Initialized JPA EntityManagerFactory for persistence unit 'default'
2022-03-13 11:52:06.760  WARN 28652 --- [restartedMain] JpaBaseConfiguration$JpaWebConfiguration : spring.jpa.open-in-view is enabled by default. Therefore, database queries may be performed during view rendering. Explicitly configure spring.jpa.open-in-view to disable this warning
2022-03-13 11:52:06.850  INFO 28652 --- [restartedMain] o.s.b.d.a.OptionalLiveReloadServer       : LiveReload server is running on port 35729
2022-03-13 11:52:06.863  INFO 28652 --- [restartedMain] o.s.b.w.embedded.tomcat.TomcatWebServer  : Tomcat started on port(s): 8080 (http) with context path ''
2022-03-13 11:52:06.866  INFO 28652 --- [restartedMain] ngBootGlobalExceptionHandelerApplication : Started SpringBootGlobalExceptionHandelerApplication in 1.061 seconds (JVM running for 3534.84)
2022-03-13 11:52:06.868  INFO 28652 --- [restartedMain] .ConditionEvaluationDeltaLoggingListener : Condition evaluation unchanged
2022-03-13 11:52:18.534  INFO 28652 --- [Thread-31] j.LocalContainerEntityManagerFactoryBean : Closing JPA EntityManagerFactory for persistence unit 'default'
2022-03-13 11:52:18.534  INFO 28652 --- [Thread-31] com.zaxxer.hikari.HikariDataSource       : HikariPool-8 - Shutdown initiated...
2022-03-13 11:52:18.540  INFO 28652 --- [Thread-31] com.zaxxer.hikari.HikariDataSource       : HikariPool-8 - Shutdown completed.
2022-03-13 11:52:18.599  INFO 28652 --- [restartedMain] ngBootGlobalExceptionHandelerApplication : Starting SpringBootGlobalExceptionHandelerApplication using Java 17.0.1 on Harshawardhan-PA with PID 28652 (D:\harsh\STS\Important\SpringBoot-GlobalExceptionHandeler\target\classes started by patil_ha in D:\harsh\STS\Important\SpringBoot-GlobalExceptionHandeler)
2022-03-13 11:52:18.600  INFO 28652 --- [restartedMain] ngBootGlobalExceptionHandelerApplication : No active profile set, falling back to 1 default profile: "default"
2022-03-13 11:52:18.744  INFO 28652 --- [restartedMain] .s.d.r.c.RepositoryConfigurationDelegate : Bootstrapping Spring Data JPA repositories in DEFAULT mode.
2022-03-13 11:52:18.761  INFO 28652 --- [restartedMain] .s.d.r.c.RepositoryConfigurationDelegate : Finished Spring Data repository scanning in 17 ms. Found 3 JPA repository interfaces.
2022-03-13 11:52:18.821  INFO 28652 --- [restartedMain] o.s.b.w.embedded.tomcat.TomcatWebServer  : Tomcat initialized with port(s): 8080 (http)
2022-03-13 11:52:18.821  INFO 28652 --- [restartedMain] o.apache.catalina.core.StandardService   : Starting service [Tomcat]
2022-03-13 11:52:18.821  INFO 28652 --- [restartedMain] org.apache.catalina.core.StandardEngine  : Starting Servlet engine: [Apache Tomcat/9.0.58]
2022-03-13 11:52:18.844  INFO 28652 --- [restartedMain] o.a.c.c.C.[Tomcat].[localhost].[/]       : Initializing Spring embedded WebApplicationContext
2022-03-13 11:52:18.845  INFO 28652 --- [restartedMain] w.s.c.ServletWebServerApplicationContext : Root WebApplicationContext: initialization completed in 244 ms
2022-03-13 11:52:18.876  INFO 28652 --- [restartedMain] o.hibernate.jpa.internal.util.LogHelper  : HHH000204: Processing PersistenceUnitInfo [name: default]
2022-03-13 11:52:18.879  INFO 28652 --- [restartedMain] com.zaxxer.hikari.HikariDataSource       : HikariPool-9 - Starting...
2022-03-13 11:52:18.896  INFO 28652 --- [restartedMain] com.zaxxer.hikari.HikariDataSource       : HikariPool-9 - Start completed.
2022-03-13 11:52:18.896  INFO 28652 --- [restartedMain] org.hibernate.dialect.Dialect            : HHH000400: Using dialect: org.hibernate.dialect.MySQL5Dialect
2022-03-13 11:52:19.758  INFO 28652 --- [restartedMain] o.h.e.t.j.p.i.JtaPlatformInitiator       : HHH000490: Using JtaPlatform implementation: [org.hibernate.engine.transaction.jta.platform.internal.NoJtaPlatform]
2022-03-13 11:52:19.758  INFO 28652 --- [restartedMain] j.LocalContainerEntityManagerFactoryBean : Initialized JPA EntityManagerFactory for persistence unit 'default'
2022-03-13 11:52:19.840  WARN 28652 --- [restartedMain] JpaBaseConfiguration$JpaWebConfiguration : spring.jpa.open-in-view is enabled by default. Therefore, database queries may be performed during view rendering. Explicitly configure spring.jpa.open-in-view to disable this warning
2022-03-13 11:52:19.906  INFO 28652 --- [restartedMain] o.s.b.d.a.OptionalLiveReloadServer       : LiveReload server is running on port 35729
2022-03-13 11:52:19.920  INFO 28652 --- [restartedMain] o.s.b.w.embedded.tomcat.TomcatWebServer  : Tomcat started on port(s): 8080 (http) with context path ''
2022-03-13 11:52:19.923  INFO 28652 --- [restartedMain] ngBootGlobalExceptionHandelerApplication : Started SpringBootGlobalExceptionHandelerApplication in 1.343 seconds (JVM running for 3547.895)
2022-03-13 11:52:19.923  INFO 28652 --- [restartedMain] .ConditionEvaluationDeltaLoggingListener : Condition evaluation unchanged
2022-03-13 13:58:07.919  WARN 28652 --- [HikariPool-9 housekeeper] com.zaxxer.hikari.pool.HikariPool        : HikariPool-9 - Thread starvation or clock leap detected (housekeeper delta=2h5m18s921ms146µs300ns).
2022-03-13 14:31:46.472  INFO 28652 --- [http-nio-8080-exec-2] o.a.c.c.C.[Tomcat].[localhost].[/]       : Initializing Spring DispatcherServlet 'dispatcherServlet'
2022-03-13 14:31:46.473  INFO 28652 --- [http-nio-8080-exec-2] o.s.web.servlet.DispatcherServlet        : Initializing Servlet 'dispatcherServlet'
2022-03-13 14:31:46.475  INFO 28652 --- [http-nio-8080-exec-2] o.s.web.servlet.DispatcherServlet        : Completed initialization in 2 ms
2022-03-13 14:31:46.478  INFO 28652 --- [http-nio-8080-exec-2] c.c.ecart.controller.CategoryController  : fetchAll () called
2022-03-13 14:31:46.490  INFO 28652 --- [http-nio-8080-exec-2] c.c.ecart.service.CategoryServiceImpl    : fetchAll() called
2022-03-13 14:37:34.556  INFO 28652 --- [RMI TCP Connection(60)-127.0.0.1] inMXBeanRegistrar$SpringApplicationAdmin : Application shutdown requested.
2022-03-13 14:37:34.580  INFO 28652 --- [RMI TCP Connection(60)-127.0.0.1] j.LocalContainerEntityManagerFactoryBean : Closing JPA EntityManagerFactory for persistence unit 'default'
2022-03-13 14:37:34.581  INFO 28652 --- [RMI TCP Connection(60)-127.0.0.1] com.zaxxer.hikari.HikariDataSource       : HikariPool-9 - Shutdown initiated...
2022-03-13 14:37:34.586  INFO 28652 --- [RMI TCP Connection(60)-127.0.0.1] com.zaxxer.hikari.HikariDataSource       : HikariPool-9 - Shutdown completed.
